============================= test session starts =============================
platform win32 -- Python 3.12.4, pytest-8.4.1, pluggy-1.6.0 -- C:\Program Files\Python312\python.exe
cachedir: .pytest_cache
rootdir: C:\Users\krjar\OneDrive\work\training\scripting_engineer
plugins: anyio-4.9.0
collecting ... collected 199 items

shared_utils/dynamic_formatting/tests/test_actual_config_files.py::TestActualConfigFiles::test_configs_directory_exists PASSED [  0%]
shared_utils/dynamic_formatting/tests/test_actual_config_files.py::TestActualConfigFiles::test_config_file_valid_json PASSED [  1%]
shared_utils/dynamic_formatting/tests/test_actual_config_files.py::TestActualConfigFiles::test_config_file_loads_with_formatterconfig PASSED [  1%]
shared_utils/dynamic_formatting/tests/test_actual_config_files.py::TestActualConfigFiles::test_config_file_creates_working_formatter PASSED [  2%]
shared_utils/dynamic_formatting/tests/test_actual_config_files.py::TestActualConfigFiles::test_config_files_have_expected_structure PASSED [  2%]
shared_utils/dynamic_formatting/tests/test_actual_config_files.py::TestActualConfigFiles::test_all_configs_different_settings PASSED [  3%]
shared_utils/dynamic_formatting/tests/test_actual_config_files.py::TestActualConfigFiles::test_config_round_trip PASSED [  3%]
shared_utils/dynamic_formatting/tests/test_actual_config_files.py::test_discover_and_run PASSED [  4%]
shared_utils/dynamic_formatting/tests/test_basic.py::test_import_config PASSED [  4%]
shared_utils/dynamic_formatting/tests/test_basic.py::test_import_dynamic_formatter PASSED [  5%]
shared_utils/dynamic_formatting/tests/test_basic.py::test_basic_formatter_creation PASSED [  5%]
shared_utils/dynamic_formatting/tests/test_basic.py::test_basic_config_creation PASSED [  6%]
shared_utils/dynamic_formatting/tests/test_basic.py::test_simple_formatting PASSED [  6%]
shared_utils/dynamic_formatting/tests/test_config_support.py::TestFormatterConfigFileSupport::test_from_config_file_basic PASSED [  7%]
shared_utils/dynamic_formatting/tests/test_config_support.py::TestFormatterConfigFileSupport::test_from_config_file_flat_structure PASSED [  7%]
shared_utils/dynamic_formatting/tests/test_config_support.py::TestFormatterConfigFileSupport::test_from_config_file_not_found PASSED [  8%]
shared_utils/dynamic_formatting/tests/test_config_support.py::TestFormatterConfigFileSupport::test_from_config_file_invalid_json FAILED [  8%]
shared_utils/dynamic_formatting/tests/test_config_support.py::TestFormatterConfigFileSupport::test_to_config_file_nested FAILED [  9%]
shared_utils/dynamic_formatting/tests/test_config_support.py::TestFormatterConfigFileSupport::test_to_config_file_flat PASSED [  9%]
shared_utils/dynamic_formatting/tests/test_config_support.py::TestFormatterConfigEnvironment::test_from_environment_basic PASSED [ 10%]
shared_utils/dynamic_formatting/tests/test_config_support.py::TestFormatterConfigEnvironment::test_from_environment_custom_prefix PASSED [ 10%]
shared_utils/dynamic_formatting/tests/test_config_support.py::TestFormatterConfigEnvironment::test_from_environment_empty PASSED [ 11%]
shared_utils/dynamic_formatting/tests/test_config_support.py::TestDynamicFormatterConfigMethods::test_from_config_file PASSED [ 11%]
shared_utils/dynamic_formatting/tests/test_config_support.py::TestDynamicFormatterConfigMethods::test_from_config_dict PASSED [ 12%]
shared_utils/dynamic_formatting/tests/test_config_support.py::TestDynamicFormatterConfigMethods::test_from_config_formatter_config PASSED [ 12%]
shared_utils/dynamic_formatting/tests/test_config_support.py::TestDynamicFormatterConfigMethods::test_from_config_file_path PASSED [ 13%]
shared_utils/dynamic_formatting/tests/test_config_support.py::TestDynamicFormatterConfigMethods::test_from_config_invalid_type PASSED [ 13%]
shared_utils/dynamic_formatting/tests/test_config_support.py::TestDynamicFormatterConfigMethods::test_from_environment PASSED [ 14%]
shared_utils/dynamic_formatting/tests/test_config_support.py::TestConfigurationIntegration::test_deployment_scenario_development PASSED [ 14%]
shared_utils/dynamic_formatting/tests/test_config_support.py::TestConfigurationIntegration::test_deployment_scenario_production PASSED [ 15%]
shared_utils/dynamic_formatting/tests/test_config_support.py::TestConfigurationIntegration::test_deployment_scenario_file_output PASSED [ 15%]
shared_utils/dynamic_formatting/tests/test_config_support.py::TestConfigurationIntegration::test_configuration_roundtrip PASSED [ 16%]
shared_utils/dynamic_formatting/tests/test_config_support.py::test_configuration_examples PASSED [ 16%]
shared_utils/dynamic_formatting/tests/test_core_formatting.py::TestBasicFormatting::test_simple_keyword_formatting PASSED [ 17%]
shared_utils/dynamic_formatting/tests/test_core_formatting.py::TestBasicFormatting::test_multiple_fields PASSED [ 17%]
shared_utils/dynamic_formatting/tests/test_core_formatting.py::TestBasicFormatting::test_empty_template PASSED [ 18%]
shared_utils/dynamic_formatting/tests/test_core_formatting.py::TestBasicFormatting::test_literal_text_only PASSED [ 18%]
shared_utils/dynamic_formatting/tests/test_core_formatting.py::TestMissingDataHandling::test_single_missing_field PASSED [ 19%]
shared_utils/dynamic_formatting/tests/test_core_formatting.py::TestMissingDataHandling::test_partial_missing_fields PASSED [ 19%]
shared_utils/dynamic_formatting/tests/test_core_formatting.py::TestMissingDataHandling::test_all_fields_missing PASSED [ 20%]
shared_utils/dynamic_formatting/tests/test_core_formatting.py::TestMissingDataHandling::test_complex_missing_data_scenario PASSED [ 20%]
shared_utils/dynamic_formatting/tests/test_core_formatting.py::TestColorFormatting::test_basic_ansi_colors PASSED [ 21%]
shared_utils/dynamic_formatting/tests/test_core_formatting.py::TestColorFormatting::test_hex_colors PASSED [ 21%]
shared_utils/dynamic_formatting/tests/test_core_formatting.py::TestColorFormatting::test_color_override_behavior PASSED [ 22%]
shared_utils/dynamic_formatting/tests/test_core_formatting.py::TestColorFormatting::test_file_mode_strips_colors FAILED [ 22%]
shared_utils/dynamic_formatting/tests/test_core_formatting.py::TestTextFormatting::test_individual_text_styles FAILED [ 23%]
shared_utils/dynamic_formatting/tests/test_core_formatting.py::TestTextFormatting::test_combined_text_styles PASSED [ 23%]
shared_utils/dynamic_formatting/tests/test_core_formatting.py::TestTextFormatting::test_text_style_reset PASSED [ 24%]
shared_utils/dynamic_formatting/tests/test_core_formatting.py::TestConditionalFormatting::test_section_level_conditionals FAILED [ 24%]
shared_utils/dynamic_formatting/tests/test_core_formatting.py::TestConditionalFormatting::test_inline_conditionals FAILED [ 25%]
shared_utils/dynamic_formatting/tests/test_core_formatting.py::TestConditionalFormatting::test_missing_conditional_function FAILED [ 25%]
shared_utils/dynamic_formatting/tests/test_core_formatting.py::TestRequiredFields::test_required_field_present FAILED [ 26%]
shared_utils/dynamic_formatting/tests/test_core_formatting.py::TestRequiredFields::test_required_field_missing PASSED [ 26%]
shared_utils/dynamic_formatting/tests/test_core_formatting.py::TestEscapeSequences::test_escaped_braces PASSED [ 27%]
shared_utils/dynamic_formatting/tests/test_core_formatting.py::TestEscapeSequences::test_escaped_delimiters FAILED [ 27%]
shared_utils/dynamic_formatting/tests/test_core_formatting.py::TestEscapeSequences::test_mixed_escaping FAILED [ 28%]
shared_utils/dynamic_formatting/tests/test_core_formatting.py::TestCustomDelimiters::test_pipe_delimiter FAILED [ 28%]
shared_utils/dynamic_formatting/tests/test_core_formatting.py::TestCustomDelimiters::test_double_colon_delimiter FAILED [ 29%]
shared_utils/dynamic_formatting/tests/test_core_formatting.py::TestComplexCombinations::test_all_features_combined FAILED [ 29%]
shared_utils/dynamic_formatting/tests/test_core_formatting.py::TestComplexCombinations::test_nested_function_dependencies PASSED [ 30%]
shared_utils/dynamic_formatting/tests/test_error_handling.py::TestParsingErrors::test_unclosed_template_section PASSED [ 30%]
shared_utils/dynamic_formatting/tests/test_error_handling.py::TestParsingErrors::test_empty_template_sections FAILED [ 31%]
shared_utils/dynamic_formatting/tests/test_error_handling.py::TestRequiredFieldErrors::test_required_field_missing_keyword PASSED [ 31%]
shared_utils/dynamic_formatting/tests/test_error_handling.py::TestRequiredFieldErrors::test_required_field_missing_positional PASSED [ 32%]
shared_utils/dynamic_formatting/tests/test_error_handling.py::TestRequiredFieldErrors::test_required_field_with_none_value PASSED [ 32%]
shared_utils/dynamic_formatting/tests/test_error_handling.py::TestFormatterErrors::test_invalid_color_token FAILED [ 33%]
shared_utils/dynamic_formatting/tests/test_error_handling.py::TestFormatterErrors::test_invalid_text_style_token FAILED [ 33%]
shared_utils/dynamic_formatting/tests/test_error_handling.py::TestFormatterErrors::test_malformed_hex_color FAILED [ 34%]
shared_utils/dynamic_formatting/tests/test_error_handling.py::TestFunctionErrors::test_missing_function FAILED [ 34%]
shared_utils/dynamic_formatting/tests/test_error_handling.py::TestFunctionErrors::test_function_execution_failure FAILED [ 35%]
shared_utils/dynamic_formatting/tests/test_error_handling.py::TestFunctionErrors::test_function_wrong_return_type FAILED [ 35%]
shared_utils/dynamic_formatting/tests/test_error_handling.py::TestFunctionErrors::test_conditional_function_not_found FAILED [ 36%]
shared_utils/dynamic_formatting/tests/test_error_handling.py::TestArgumentErrors::test_mixed_positional_keyword_args PASSED [ 36%]
shared_utils/dynamic_formatting/tests/test_error_handling.py::TestArgumentErrors::test_too_many_positional_args PASSED [ 37%]
shared_utils/dynamic_formatting/tests/test_error_handling.py::TestEdgeCases::test_empty_string_formatting PASSED [ 37%]
shared_utils/dynamic_formatting/tests/test_error_handling.py::TestEdgeCases::test_none_value_handling FAILED [ 38%]
shared_utils/dynamic_formatting/tests/test_error_handling.py::TestEdgeCases::test_numeric_field_values PASSED [ 38%]
shared_utils/dynamic_formatting/tests/test_error_handling.py::TestEdgeCases::test_boolean_field_values PASSED [ 39%]
shared_utils/dynamic_formatting/tests/test_error_handling.py::TestEdgeCases::test_unicode_and_special_characters PASSED [ 39%]
shared_utils/dynamic_formatting/tests/test_error_handling.py::TestOutputModeEdgeCases::test_output_mode_switching FAILED [ 40%]
shared_utils/dynamic_formatting/tests/test_error_handling.py::TestLoggingFormatterErrors::test_logging_formatter_with_malformed_template FAILED [ 40%]
shared_utils/dynamic_formatting/tests/test_error_handling.py::TestLoggingFormatterErrors::test_logging_formatter_with_missing_functions FAILED [ 41%]
shared_utils/dynamic_formatting/tests/test_error_handling.py::TestGracefulDegradation::test_partial_template_success PASSED [ 41%]
shared_utils/dynamic_formatting/tests/test_error_handling.py::TestGracefulDegradation::test_function_fallback_chain_failure PASSED [ 42%]
shared_utils/dynamic_formatting/tests/test_function_fallback.py::TestColorFunctionFallback::test_basic_color_function FAILED [ 42%]
shared_utils/dynamic_formatting/tests/test_function_fallback.py::TestColorFunctionFallback::test_color_function_with_field_value FAILED [ 43%]
shared_utils/dynamic_formatting/tests/test_function_fallback.py::TestColorFunctionFallback::test_color_function_returns_hex FAILED [ 43%]
shared_utils/dynamic_formatting/tests/test_function_fallback.py::TestColorFunctionFallback::test_color_function_returns_ansi_name FAILED [ 44%]
shared_utils/dynamic_formatting/tests/test_function_fallback.py::TestTextFunctionFallback::test_basic_text_function FAILED [ 44%]
shared_utils/dynamic_formatting/tests/test_function_fallback.py::TestTextFunctionFallback::test_text_function_with_field_content FAILED [ 45%]
shared_utils/dynamic_formatting/tests/test_function_fallback.py::TestConditionalFunctionFallback::test_basic_conditional_function FAILED [ 45%]
shared_utils/dynamic_formatting/tests/test_function_fallback.py::TestConditionalFunctionFallback::test_conditional_function_with_complex_logic FAILED [ 46%]
shared_utils/dynamic_formatting/tests/test_function_fallback.py::TestConditionalFunctionFallback::test_conditional_receives_field_value FAILED [ 46%]
shared_utils/dynamic_formatting/tests/test_function_fallback.py::TestCombinedFunctionFallback::test_color_and_text_functions_combined FAILED [ 47%]
shared_utils/dynamic_formatting/tests/test_function_fallback.py::TestCombinedFunctionFallback::test_all_function_types_combined FAILED [ 47%]
shared_utils/dynamic_formatting/tests/test_function_fallback.py::TestFunctionParameterHandling::test_function_receives_field_value FAILED [ 48%]
shared_utils/dynamic_formatting/tests/test_function_fallback.py::TestFunctionParameterHandling::test_function_with_no_parameters FAILED [ 48%]
shared_utils/dynamic_formatting/tests/test_function_fallback.py::TestFunctionParameterHandling::test_function_parameter_type_handling FAILED [ 49%]
shared_utils/dynamic_formatting/tests/test_function_fallback.py::TestFunctionErrorHandling::test_function_not_found_error FAILED [ 49%]
shared_utils/dynamic_formatting/tests/test_function_fallback.py::TestFunctionErrorHandling::test_function_execution_error FAILED [ 50%]
shared_utils/dynamic_formatting/tests/test_function_fallback.py::TestFunctionErrorHandling::test_function_returns_invalid_type FAILED [ 50%]
shared_utils/dynamic_formatting/tests/test_function_fallback.py::TestFunctionErrorHandling::test_conditional_function_not_found FAILED [ 51%]
shared_utils/dynamic_formatting/tests/test_function_fallback.py::TestRecursiveFunctionFallback::test_function_returns_another_token FAILED [ 51%]
shared_utils/dynamic_formatting/tests/test_function_fallback.py::TestRecursiveFunctionFallback::test_function_returns_hex_color FAILED [ 52%]
shared_utils/dynamic_formatting/tests/test_function_fallback.py::TestComplexFunctionScenarios::test_log_level_formatting FAILED [ 52%]
shared_utils/dynamic_formatting/tests/test_function_fallback.py::TestComplexFunctionScenarios::test_performance_monitoring_scenario FAILED [ 53%]
shared_utils/dynamic_formatting/tests/test_performance.py::TestBasicPerformance::test_template_compilation_speed PASSED [ 53%]
shared_utils/dynamic_formatting/tests/test_performance.py::TestBasicPerformance::test_formatting_speed_simple PASSED [ 54%]
shared_utils/dynamic_formatting/tests/test_performance.py::TestBasicPerformance::test_formatting_speed_complex PASSED [ 54%]
shared_utils/dynamic_formatting/tests/test_performance.py::TestScalabilityTests::test_many_template_sections FAILED [ 55%]
shared_utils/dynamic_formatting/tests/test_performance.py::TestScalabilityTests::test_large_field_values PASSED [ 55%]
shared_utils/dynamic_formatting/tests/test_performance.py::TestScalabilityTests::test_many_positional_arguments PASSED [ 56%]
shared_utils/dynamic_formatting/tests/test_performance.py::TestMemoryUsage::test_memory_usage_template_compilation PASSED [ 56%]
shared_utils/dynamic_formatting/tests/test_performance.py::TestMemoryUsage::test_memory_usage_formatting_operations PASSED [ 57%]
shared_utils/dynamic_formatting/tests/test_performance.py::TestMemoryUsage::test_formatter_reuse_memory_efficiency FAILED [ 57%]
shared_utils/dynamic_formatting/tests/test_performance.py::TestFunctionPerformance::test_function_call_overhead FAILED [ 58%]
shared_utils/dynamic_formatting/tests/test_performance.py::TestFunctionPerformance::test_complex_function_performance PASSED [ 58%]
shared_utils/dynamic_formatting/tests/test_performance.py::TestFunctionPerformance::test_function_registry_lookup_performance PASSED [ 59%]
shared_utils/dynamic_formatting/tests/test_performance.py::TestConcurrencyPerformance::test_formatter_concurrent_reuse PASSED [ 59%]
shared_utils/dynamic_formatting/tests/test_performance.py::TestRegressionPerformance::test_simple_template_baseline PASSED [ 60%]
shared_utils/dynamic_formatting/tests/test_performance.py::TestRegressionPerformance::test_complex_template_baseline PASSED [ 60%]
shared_utils/dynamic_formatting/tests/test_performance.py::TestRegressionPerformance::test_positional_args_performance_parity PASSED [ 61%]
shared_utils/dynamic_formatting/tests/test_performance.py::TestMemoryLeakDetection::test_formatter_creation_leak PASSED [ 61%]
shared_utils/dynamic_formatting/tests/test_performance.py::TestMemoryLeakDetection::test_function_registry_leak PASSED [ 62%]
shared_utils/dynamic_formatting/tests/test_performance_monitor.py::TestPerformanceMetrics::test_metrics_creation PASSED [ 62%]
shared_utils/dynamic_formatting/tests/test_performance_monitor.py::TestPerformanceMetrics::test_metrics_serialization PASSED [ 63%]
shared_utils/dynamic_formatting/tests/test_performance_monitor.py::TestPerformanceStats::test_stats_aggregation PASSED [ 63%]
shared_utils/dynamic_formatting/tests/test_performance_monitor.py::TestPerformanceStats::test_stats_serialization PASSED [ 64%]
shared_utils/dynamic_formatting/tests/test_performance_monitor.py::TestPerformanceMonitor::test_monitor_disabled PASSED [ 64%]
shared_utils/dynamic_formatting/tests/test_performance_monitor.py::TestPerformanceMonitor::test_basic_tracking PASSED [ 65%]
shared_utils/dynamic_formatting/tests/test_performance_monitor.py::TestPerformanceMonitor::test_multiple_operations PASSED [ 65%]
shared_utils/dynamic_formatting/tests/test_performance_monitor.py::TestPerformanceMonitor::test_threshold_logging PASSED [ 66%]
shared_utils/dynamic_formatting/tests/test_performance_monitor.py::TestPerformanceMonitor::test_regression_detection PASSED [ 66%]
shared_utils/dynamic_formatting/tests/test_performance_monitor.py::TestPerformanceMonitor::test_stats_export PASSED [ 67%]
shared_utils/dynamic_formatting/tests/test_performance_monitor.py::TestPerformanceMonitor::test_thread_safety PASSED [ 67%]
shared_utils/dynamic_formatting/tests/test_performance_monitor.py::TestDynamicFormatterIntegration::test_formatter_without_monitor PASSED [ 68%]
shared_utils/dynamic_formatting/tests/test_performance_monitor.py::TestDynamicFormatterIntegration::test_formatter_with_monitor PASSED [ 68%]
shared_utils/dynamic_formatting/tests/test_performance_monitor.py::TestDynamicFormatterIntegration::test_detailed_tracking PASSED [ 69%]
shared_utils/dynamic_formatting/tests/test_performance_monitor.py::TestDynamicFormatterIntegration::test_production_formatter_creation PASSED [ 69%]
shared_utils/dynamic_formatting/tests/test_performance_monitor.py::TestDynamicFormatterIntegration::test_development_formatter_creation PASSED [ 70%]
shared_utils/dynamic_formatting/tests/test_performance_monitor.py::TestProductionScenarios::test_high_volume_operations PASSED [ 70%]
shared_utils/dynamic_formatting/tests/test_performance_monitor.py::TestProductionScenarios::test_memory_monitoring_accuracy PASSED [ 71%]
shared_utils/dynamic_formatting/tests/test_performance_monitor.py::TestProductionScenarios::test_alerting_integration PASSED [ 71%]
shared_utils/dynamic_formatting/tests/test_performance_monitor.py::TestEdgeCases::test_monitor_with_exceptions PASSED [ 72%]
shared_utils/dynamic_formatting/tests/test_performance_monitor.py::TestEdgeCases::test_concurrent_access PASSED [ 72%]
shared_utils/dynamic_formatting/tests/test_performance_monitor.py::TestEdgeCases::test_very_fast_operations PASSED [ 73%]
shared_utils/dynamic_formatting/tests/test_performance_monitor.py::TestEdgeCases::test_memory_monitoring_failure PASSED [ 73%]
shared_utils/dynamic_formatting/tests/test_positional_args.py::TestBasicPositionalArgs::test_single_positional_field PASSED [ 74%]
shared_utils/dynamic_formatting/tests/test_positional_args.py::TestBasicPositionalArgs::test_multiple_positional_fields PASSED [ 74%]
shared_utils/dynamic_formatting/tests/test_positional_args.py::TestBasicPositionalArgs::test_positional_with_prefix PASSED [ 75%]
shared_utils/dynamic_formatting/tests/test_positional_args.py::TestBasicPositionalArgs::test_positional_with_suffix PASSED [ 75%]
shared_utils/dynamic_formatting/tests/test_positional_args.py::TestBasicPositionalArgs::test_positional_with_prefix_and_suffix PASSED [ 76%]
shared_utils/dynamic_formatting/tests/test_positional_args.py::TestPositionalMissingData::test_fewer_args_than_sections PASSED [ 76%]
shared_utils/dynamic_formatting/tests/test_positional_args.py::TestPositionalMissingData::test_no_arguments_provided FAILED [ 77%]
shared_utils/dynamic_formatting/tests/test_positional_args.py::TestPositionalMissingData::test_empty_string_arguments FAILED [ 77%]
shared_utils/dynamic_formatting/tests/test_positional_args.py::TestPositionalWithFormatting::test_positional_with_colors PASSED [ 78%]
shared_utils/dynamic_formatting/tests/test_positional_args.py::TestPositionalWithFormatting::test_positional_with_text_styles PASSED [ 78%]
shared_utils/dynamic_formatting/tests/test_positional_args.py::TestPositionalWithFormatting::test_positional_with_combined_formatting PASSED [ 79%]
shared_utils/dynamic_formatting/tests/test_positional_args.py::TestPositionalWithFormatting::test_multiple_formatted_positional_sections PASSED [ 79%]
shared_utils/dynamic_formatting/tests/test_positional_args.py::TestPositionalWithFormatting::test_complex_positional_formatting PASSED [ 80%]
shared_utils/dynamic_formatting/tests/test_positional_args.py::TestPositionalWithConditionals::test_positional_section_level_conditional FAILED [ 80%]
shared_utils/dynamic_formatting/tests/test_positional_args.py::TestPositionalWithConditionals::test_positional_inline_conditional FAILED [ 81%]
shared_utils/dynamic_formatting/tests/test_positional_args.py::TestPositionalWithConditionals::test_multiple_positional_conditionals FAILED [ 81%]
shared_utils/dynamic_formatting/tests/test_positional_args.py::TestPositionalWithFunctionFallback::test_positional_color_function_fallback PASSED [ 82%]
shared_utils/dynamic_formatting/tests/test_positional_args.py::TestPositionalWithFunctionFallback::test_positional_text_function_fallback PASSED [ 82%]
shared_utils/dynamic_formatting/tests/test_positional_args.py::TestPositionalWithFunctionFallback::test_chained_function_calls FAILED [ 83%]
shared_utils/dynamic_formatting/tests/test_positional_args.py::TestPositionalErrorConditions::test_mixed_positional_and_keyword_args PASSED [ 83%]
shared_utils/dynamic_formatting/tests/test_positional_args.py::TestPositionalErrorConditions::test_too_many_positional_arguments PASSED [ 84%]
shared_utils/dynamic_formatting/tests/test_positional_args.py::TestPositionalErrorConditions::test_required_positional_field_missing FAILED [ 84%]
shared_utils/dynamic_formatting/tests/test_positional_args.py::TestPositionalErrorConditions::test_missing_conditional_function_positional FAILED [ 85%]
shared_utils/dynamic_formatting/tests/test_positional_args.py::TestPositionalEdgeCases::test_empty_template_with_positional_args FAILED [ 85%]
shared_utils/dynamic_formatting/tests/test_positional_args.py::TestPositionalEdgeCases::test_literal_only_template_with_positional_args FAILED [ 86%]
shared_utils/dynamic_formatting/tests/test_positional_args.py::TestPositionalEdgeCases::test_mixed_positional_and_named_sections PASSED [ 86%]
shared_utils/dynamic_formatting/tests/test_positional_args.py::TestPositionalEdgeCases::test_zero_positional_sections_with_args PASSED [ 87%]
shared_utils/dynamic_formatting/tests/test_positional_args.py::TestPositionalSyntaxPatterns::test_all_positional_syntax_variations FAILED [ 87%]
shared_utils/dynamic_formatting/tests/test_positional_args.py::TestPositionalSyntaxPatterns::test_complex_positional_combinations FAILED [ 88%]
shared_utils/dynamic_formatting/tests/test_positional_args.py::TestBackwardCompatibility::test_keyword_args_still_work PASSED [ 88%]
shared_utils/dynamic_formatting/tests/test_positional_args.py::TestBackwardCompatibility::test_complex_keyword_formatting_unchanged FAILED [ 89%]
shared_utils/dynamic_formatting/tests/test_positional_args.py::TestBackwardCompatibility::test_keyword_conditionals_unchanged FAILED [ 89%]
shared_utils/dynamic_formatting/tests/test_positional_regression.py::test_backward_compatibility_basic PASSED [ 90%]
shared_utils/dynamic_formatting/tests/test_positional_regression.py::test_backward_compatibility_colors PASSED [ 90%]
shared_utils/dynamic_formatting/tests/test_positional_regression.py::test_backward_compatibility_conditionals FAILED [ 91%]
shared_utils/dynamic_formatting/tests/test_positional_regression.py::test_backward_compatibility_complex FAILED [ 91%]
shared_utils/dynamic_formatting/tests/test_positional_regression.py::test_positional_basic PASSED [ 92%]
shared_utils/dynamic_formatting/tests/test_positional_regression.py::test_positional_with_formatting PASSED [ 92%]
shared_utils/dynamic_formatting/tests/test_positional_regression.py::test_positional_with_conditionals FAILED [ 93%]
shared_utils/dynamic_formatting/tests/test_positional_regression.py::test_positional_complex_syntax PASSED [ 93%]
shared_utils/dynamic_formatting/tests/test_positional_regression.py::test_positional_missing_data PASSED [ 94%]
shared_utils/dynamic_formatting/tests/test_positional_regression.py::test_positional_function_fallback PASSED [ 94%]
shared_utils/dynamic_formatting/tests/test_positional_regression.py::test_error_conditions_mixed_args PASSED [ 95%]
shared_utils/dynamic_formatting/tests/test_positional_regression.py::test_error_conditions_too_many_args PASSED [ 95%]
shared_utils/dynamic_formatting/tests/test_positional_regression.py::test_error_conditions_required_fields FAILED [ 96%]
shared_utils/dynamic_formatting/tests/test_positional_regression.py::test_error_conditions_missing_functions FAILED [ 96%]
shared_utils/dynamic_formatting/tests/test_positional_regression.py::test_edge_cases_empty_arguments FAILED [ 97%]
shared_utils/dynamic_formatting/tests/test_positional_regression.py::test_edge_cases_zero_positional_sections PASSED [ 97%]
shared_utils/dynamic_formatting/tests/test_positional_regression.py::test_edge_cases_mixed_template PASSED [ 98%]
shared_utils/dynamic_formatting/tests/test_positional_regression.py::test_logging_formatter_compatibility PASSED [ 98%]
shared_utils/dynamic_formatting/tests/test_positional_regression.py::test_performance_large_positional PASSED [ 99%]
shared_utils/dynamic_formatting/tests/test_positional_regression.py::test_all_syntax_patterns PASSED [100%]

================================== FAILURES ===================================
______ TestFormatterConfigFileSupport.test_from_config_file_invalid_json ______

cls = <class 'shared_utils.dynamic_formatting.config.FormatterConfig'>
config_path = WindowsPath('C:/Users/krjar/AppData/Local/Temp/tmp2nzepid9.json')

    @classmethod
    def from_config_file(cls, config_path: Union[str, Path]) -> 'FormatterConfig':
        """
        Load configuration from JSON file
    
        Args:
            config_path: Path to JSON configuration file
    
        Returns:
            FormatterConfig instance
    
        Example:
            config = FormatterConfig.from_config_file('configs/production.json')
        """
        config_path = Path(config_path)
    
        if not config_path.exists():
            raise FileNotFoundError(f"Configuration file not found: {config_path}")
    
        try:
            with open(config_path, 'r') as f:
>               config_data = json.load(f)
                              ^^^^^^^^^^^^

shared_utils\dynamic_formatting\config.py:233: 
_ _ _ _ _ _ _ _ _ _ _ _ _ _ _ _ _ _ _ _ _ _ _ _ _ _ _ _ _ _ _ _ _ _ _ _ _ _ _ _
C:\Program Files\Python312\Lib\json\__init__.py:293: in load
    return loads(fp.read(),
C:\Program Files\Python312\Lib\json\__init__.py:346: in loads
    return _default_decoder.decode(s)
           ^^^^^^^^^^^^^^^^^^^^^^^^^^
C:\Program Files\Python312\Lib\json\decoder.py:337: in decode
    obj, end = self.raw_decode(s, idx=_w(s, 0).end())
               ^^^^^^^^^^^^^^^^^^^^^^^^^^^^^^^^^^^^^^
_ _ _ _ _ _ _ _ _ _ _ _ _ _ _ _ _ _ _ _ _ _ _ _ _ _ _ _ _ _ _ _ _ _ _ _ _ _ _ _

self = <json.decoder.JSONDecoder object at 0x0000017AC27D3980>
s = '{"invalid": json syntax}', idx = 0

    def raw_decode(self, s, idx=0):
        """Decode a JSON document from ``s`` (a ``str`` beginning with
        a JSON document) and return a 2-tuple of the Python
        representation and the index in ``s`` where the document ended.
    
        This can be used to decode a JSON document from a string that may
        have extraneous data at the end.
    
        """
        try:
            obj, end = self.scan_once(s, idx)
        except StopIteration as err:
>           raise JSONDecodeError("Expecting value", s, err.value) from None
E           json.decoder.JSONDecodeError: Expecting value: line 1 column 13 (char 12)

C:\Program Files\Python312\Lib\json\decoder.py:355: JSONDecodeError

During handling of the above exception, another exception occurred:

self = <shared_utils.dynamic_formatting.tests.test_config_support.TestFormatterConfigFileSupport object at 0x0000017AE48D0590>

    def test_from_config_file_invalid_json(self):
        """Test JSONDecodeError for invalid JSON"""
        with tempfile.NamedTemporaryFile(mode='w', suffix='.json', delete=False) as f:
            f.write('{"invalid": json syntax}')  # Invalid JSON
            config_path = f.name
    
        try:
            try:
>               FormatterConfig.from_config_file(config_path)

shared_utils\dynamic_formatting\tests\test_config_support.py:97: 
_ _ _ _ _ _ _ _ _ _ _ _ _ _ _ _ _ _ _ _ _ _ _ _ _ _ _ _ _ _ _ _ _ _ _ _ _ _ _ _

cls = <class 'shared_utils.dynamic_formatting.config.FormatterConfig'>
config_path = WindowsPath('C:/Users/krjar/AppData/Local/Temp/tmp2nzepid9.json')

    @classmethod
    def from_config_file(cls, config_path: Union[str, Path]) -> 'FormatterConfig':
        """
        Load configuration from JSON file
    
        Args:
            config_path: Path to JSON configuration file
    
        Returns:
            FormatterConfig instance
    
        Example:
            config = FormatterConfig.from_config_file('configs/production.json')
        """
        config_path = Path(config_path)
    
        if not config_path.exists():
            raise FileNotFoundError(f"Configuration file not found: {config_path}")
    
        try:
            with open(config_path, 'r') as f:
                config_data = json.load(f)
        except json.JSONDecodeError as e:
>           raise ValueError(f"Invalid JSON in configuration file {config_path}: {e}")
E           ValueError: Invalid JSON in configuration file C:\Users\krjar\AppData\Local\Temp\tmp2nzepid9.json: Expecting value: line 1 column 13 (char 12)

shared_utils\dynamic_formatting\config.py:235: ValueError
__________ TestFormatterConfigFileSupport.test_to_config_file_nested __________

self = <shared_utils.dynamic_formatting.tests.test_config_support.TestFormatterConfigFileSupport object at 0x0000017AE48D0770>

    def test_to_config_file_nested(self):
        """Test saving configuration to file with nested structure"""
        config = FormatterConfig(
            validation_mode=ValidationMode.GRACEFUL,
            output_mode="file",
            enable_colors=False,
            max_template_sections=150
        )
    
        with tempfile.NamedTemporaryFile(mode='w', suffix='.json', delete=False) as f:
            config_path = f.name
    
        try:
            config.to_config_file(config_path, nested=True)
    
            # Load and verify
            with open(config_path, 'r') as f:
                saved_data = json.load(f)
    
>           assert 'formatting' in saved_data
E           AssertionError: assert 'formatting' in {'auto_correct_suggestions': True, 'cache_parsed_templates': True, 'delimiter': ';', 'enable_colors': False, ...}

shared_utils\dynamic_formatting\tests\test_config_support.py:123: AssertionError
______________ TestColorFormatting.test_file_mode_strips_colors _______________

self = <shared_utils.dynamic_formatting.tests.test_core_formatting.TestColorFormatting object at 0x0000017AE4919FA0>

    @pytest.mark.core
    def test_file_mode_strips_colors(self):
        """Test that file output mode strips color codes"""
        config = FormatterConfig(output_mode="file")
        formatter = DynamicFormatter("{{#red@bold;Error: ;message}}", config=config)
        result = formatter.format(message="Failed")
    
        # Should contain text without ANSI codes
>       assert result == "Error: Failed"
E       AssertionError: assert '\x1b[31mError: Failed\x1b[0m' == 'Error: Failed'
E         
E         - Error: Failed
E         + [31mError: Failed[0m

shared_utils\dynamic_formatting\tests\test_core_formatting.py:125: AssertionError
_______________ TestTextFormatting.test_individual_text_styles ________________

self = <shared_utils.dynamic_formatting.tests.test_core_formatting.TestTextFormatting object at 0x0000017AE491A180>

    @pytest.mark.core
    def test_individual_text_styles(self):
        """Test individual text formatting styles"""
        styles = ["bold", "italic", "underline"]
    
        for style in styles:
            formatter = DynamicFormatter(f"{{@{style};Styled: ;text}}")
            result = formatter.format(text="content")
>           assert "Styled: content" in result
E           AssertionError: assert 'Styled: content' in '{@bold;Styled: ;text}'

shared_utils\dynamic_formatting\tests\test_core_formatting.py:140: AssertionError
__________ TestConditionalFormatting.test_section_level_conditionals __________

self = <shared_utils.dynamic_formatting.tests.test_core_formatting.TestConditionalFormatting object at 0x0000017AE48D0A40>

    @pytest.mark.core
    def test_section_level_conditionals(self):
        """Test conditionals that control entire sections"""
        def has_value(val):
            return bool(val)
    
        config = FormatterConfig(functions={"has_value": has_value})
        formatter = DynamicFormatter(
            "{{Processing}} {{?has_value;Found ;count; items}}",
            config=config
        )
    
        # With data - should show conditional section
        result = formatter.format(count=25)
>       assert result == "Processing Found 25 items"
E       AssertionError: assert ' ' == 'Processing Found 25 items'
E         
E         Strings contain only whitespace, escaping them using repr()
E         - 'Processing Found 25 items'
E         + ' '

shared_utils\dynamic_formatting\tests\test_core_formatting.py:174: AssertionError
_____________ TestConditionalFormatting.test_inline_conditionals ______________

self = <shared_utils.dynamic_formatting.tests.test_core_formatting.TestConditionalFormatting object at 0x0000017AE48D2270>

    @pytest.mark.core
    def test_inline_conditionals(self):
        """Test inline conditionals within sections"""
        def is_urgent(priority):
            return priority > 7
    
        config = FormatterConfig(functions={"is_urgent": is_urgent})
        formatter = DynamicFormatter(
            "{{Task{?is_urgent} - URGENT: ;task_name}}",
            config=config
        )
    
        # Urgent task
        result = formatter.format(task_name="deploy", priority=9)
        assert "Task - URGENT: deploy" in result
    
        # Normal task
        result = formatter.format(task_name="backup", priority=3)
>       assert "Task: backup" in result
E       AssertionError: assert 'Task: backup' in 'Task - URGENT: backup'

shared_utils\dynamic_formatting\tests\test_core_formatting.py:198: AssertionError
_________ TestConditionalFormatting.test_missing_conditional_function _________

self = <shared_utils.dynamic_formatting.tests.test_core_formatting.TestConditionalFormatting object at 0x0000017AE4919FD0>

    @pytest.mark.core
    def test_missing_conditional_function(self):
        """Test error handling for missing conditional functions"""
        formatter = DynamicFormatter("{{?missing_func;Text: ;field}}")
    
>       with pytest.raises(FunctionNotFoundError) as exc_info:
E       Failed: DID NOT RAISE <class 'shared_utils.dynamic_formatting.dynamic_formatting.FunctionNotFoundError'>

shared_utils\dynamic_formatting\tests\test_core_formatting.py:205: Failed
_______________ TestRequiredFields.test_required_field_present ________________

self = <shared_utils.dynamic_formatting.tests.test_core_formatting.TestRequiredFields object at 0x0000017AE491A2D0>

    @pytest.mark.core
    def test_required_field_present(self):
        """Test required field when data is present"""
        formatter = DynamicFormatter("{{!;Critical: ;message}}")
>       result = formatter.format(message="System down")
                 ^^^^^^^^^^^^^^^^^^^^^^^^^^^^^^^^^^^^^^^

shared_utils\dynamic_formatting\tests\test_core_formatting.py:218: 
_ _ _ _ _ _ _ _ _ _ _ _ _ _ _ _ _ _ _ _ _ _ _ _ _ _ _ _ _ _ _ _ _ _ _ _ _ _ _ _
shared_utils\dynamic_formatting\enhanced_formatter.py:63: in format
    return super().format(*args, **kwargs)
           ^^^^^^^^^^^^^^^^^^^^^^^^^^^^^^^
shared_utils\dynamic_formatting\dynamic_formatting.py:297: in format
    result += self._render_section(section, data)
              ^^^^^^^^^^^^^^^^^^^^^^^^^^^^^^^^^^^
_ _ _ _ _ _ _ _ _ _ _ _ _ _ _ _ _ _ _ _ _ _ _ _ _ _ _ _ _ _ _ _ _ _ _ _ _ _ _ _

self = <shared_utils.dynamic_formatting.enhanced_formatter.DynamicFormatter object at 0x0000017AE497FB00>
section = FormatSection(field='Critical: ', required=True, prefix=, suffix=message)
data = {'message': 'System down'}

    def _render_section(self, section: FormatSection, data: Dict[str, Any]) -> str:
        """
        Render a complete format section with configurable graceful degradation
    
        Core Feature Implementation: Returns empty string when the required field
        is missing from the data dictionary, causing the entire section to disappear.
        """
        # Handle required fields
        if hasattr(section, 'is_required') and section.is_required and section.field_name not in data:
>           raise RequiredFieldError(
                f"Required field '{section.field_name}' is missing",
                field_name=section.field_name,
                template=self.format_string
            )
E           shared_utils.dynamic_formatting.dynamic_formatting.RequiredFieldError: Required field 'Critical: ' is missing
E           Context: Required field 'Critical: ' was marked as mandatory with '!' but no value was provided
E           Template: '{{!;Critical: ;message}}'

shared_utils\dynamic_formatting\dynamic_formatting.py:345: RequiredFieldError
_________________ TestEscapeSequences.test_escaped_delimiters _________________

self = <shared_utils.dynamic_formatting.tests.test_core_formatting.TestEscapeSequences object at 0x0000017AE491BB00>

    @pytest.mark.core
    def test_escaped_delimiters(self):
        """Test escaped delimiter handling"""
        formatter = DynamicFormatter(r"Text with \; semicolon and {{field}}")
        result = formatter.format(field="value")
>       assert result == "Text with ; semicolon and value"
E       AssertionError: assert 'Text with \\...lon and value' == 'Text with ; ...lon and value'
E         
E         - Text with ; semicolon and value
E         + Text with \; semicolon and value
E         ?           +

shared_utils\dynamic_formatting\tests\test_core_formatting.py:248: AssertionError
___________________ TestEscapeSequences.test_mixed_escaping ___________________

self = <shared_utils.dynamic_formatting.tests.test_core_formatting.TestEscapeSequences object at 0x0000017AE491AA50>

    @pytest.mark.core
    def test_mixed_escaping(self):
        """Test mixed escape scenarios"""
        formatter = DynamicFormatter(r"Complex \{text\} with \; and {{field}}")
        result = formatter.format(field="test")
>       assert result == "Complex {text} with ; and test"
E       AssertionError: assert 'Complex {tex... \\; and test' == 'Complex {tex...th ; and test'
E         
E         - Complex {text} with ; and test
E         + Complex {text} with \; and test
E         ?                     +

shared_utils\dynamic_formatting\tests\test_core_formatting.py:255: AssertionError
__________________ TestCustomDelimiters.test_pipe_delimiter ___________________

self = <shared_utils.dynamic_formatting.tests.test_core_formatting.TestCustomDelimiters object at 0x0000017AE491B5C0>

    @pytest.mark.core
    def test_pipe_delimiter(self):
        """Test using pipe as delimiter"""
        config = FormatterConfig(delimiter="|")
        formatter = DynamicFormatter("{{#red|Error: |message}}", config=config)
        result = formatter.format(message="Failed")
>       assert "Error: Failed" in result
E       AssertionError: assert 'Error: Failed' in ''

shared_utils\dynamic_formatting\tests\test_core_formatting.py:267: AssertionError
______________ TestCustomDelimiters.test_double_colon_delimiter _______________

self = <shared_utils.dynamic_formatting.tests.test_core_formatting.TestCustomDelimiters object at 0x0000017AE491BD70>

    @pytest.mark.core
    def test_double_colon_delimiter(self):
        """Test using double colon as delimiter"""
        config = FormatterConfig(delimiter="::")
        formatter = DynamicFormatter("{{@bold::Status: ::status}}", config=config)
        result = formatter.format(status="Running")
>       assert "Status: Running" in result
E       AssertionError: assert 'Status: Running' in ''

shared_utils\dynamic_formatting\tests\test_core_formatting.py:275: AssertionError
_____________ TestComplexCombinations.test_all_features_combined ______________

self = <shared_utils.dynamic_formatting.tests.test_core_formatting.TestComplexCombinations object at 0x0000017AE491BF50>

    @pytest.mark.core
    def test_all_features_combined(self):
        """Test combination of colors, styles, conditionals, and missing data"""
        def level_color(level):
            return {"ERROR": "red", "WARNING": "yellow", "INFO": "green"}[level]
    
        def has_duration(duration):
            return duration > 0
    
        config = FormatterConfig(functions={
            "level_color": level_color,
            "has_duration": has_duration
        })
        formatter = DynamicFormatter(
            "{{#level_color@bold;[;level;]}} {{message}} {{?has_duration;in ;duration;s}}",
            config=config
        )
    
        # All features active
        result = formatter.format(level="ERROR", message="Failed", duration=2.5)
        assert "[ERROR]" in result
        assert "Failed" in result
>       assert "in 2.5s" in result
E       AssertionError: assert 'in 2.5s' in '[ERROR] Failed '

shared_utils\dynamic_formatting\tests\test_core_formatting.py:303: AssertionError
_______________ TestParsingErrors.test_empty_template_sections ________________

self = <shared_utils.dynamic_formatting.tests.test_error_handling.TestParsingErrors object at 0x0000017AE49289E0>

    @pytest.mark.error
    def test_empty_template_sections(self):
        """Test handling of empty template sections"""
        formatter = DynamicFormatter("{{}} {{valid;field}}")
>       result = formatter.format("positional", field="named")
                 ^^^^^^^^^^^^^^^^^^^^^^^^^^^^^^^^^^^^^^^^^^^^^

shared_utils\dynamic_formatting\tests\test_error_handling.py:44: 
_ _ _ _ _ _ _ _ _ _ _ _ _ _ _ _ _ _ _ _ _ _ _ _ _ _ _ _ _ _ _ _ _ _ _ _ _ _ _ _
shared_utils\dynamic_formatting\enhanced_formatter.py:63: in format
    return super().format(*args, **kwargs)
           ^^^^^^^^^^^^^^^^^^^^^^^^^^^^^^^
_ _ _ _ _ _ _ _ _ _ _ _ _ _ _ _ _ _ _ _ _ _ _ _ _ _ _ _ _ _ _ _ _ _ _ _ _ _ _ _

self = <shared_utils.dynamic_formatting.enhanced_formatter.DynamicFormatter object at 0x0000017AE4A09D30>
args = ('positional',), kwargs = {'field': 'named'}

    def format(self, *args, **kwargs) -> str:
        """
        Format the template with provided data, supporting both positional and keyword arguments
    
        Core Feature: Missing fields cause their sections to disappear entirely,
        eliminating manual null checking and conditional string building.
    
        Args:
            *args: Positional arguments (mapped to template fields in order)
            **kwargs: Keyword arguments (mapped by field name)
    
        Returns:
            Formatted string with missing data sections removed
    
        Raises:
            DynamicFormattingError: If formatting fails and strict mode is enabled
            RequiredFieldError: If required field (marked with !) is missing
        """
        # Handle positional vs keyword arguments
        if args and kwargs:
            if self.config.strict_argument_validation:
>               raise DynamicFormattingError(
                    "Cannot mix positional and keyword arguments. "
                    "Use either positional args format(a, b, c) or keyword args format(key=value)"
                )
E               shared_utils.dynamic_formatting.dynamic_formatting.DynamicFormattingError: Cannot mix positional and keyword arguments. Use either positional args format(a, b, c) or keyword args format(key=value)

shared_utils\dynamic_formatting\dynamic_formatting.py:255: DynamicFormattingError
________________ TestFormatterErrors.test_invalid_color_token _________________

self = <shared_utils.dynamic_formatting.tests.test_error_handling.TestFormatterErrors object at 0x0000017AE4928380>

    @pytest.mark.error
    def test_invalid_color_token(self):
        """Test error for invalid color tokens"""
        formatter = DynamicFormatter("{{#invalid_color;Text: ;field}}")
    
>       with pytest.raises(FormatterError) as exc_info:
E       Failed: DID NOT RAISE <class 'shared_utils.dynamic_formatting.formatters.base.FormatterError'>

shared_utils\dynamic_formatting\tests\test_error_handling.py:92: Failed
______________ TestFormatterErrors.test_invalid_text_style_token ______________

self = <shared_utils.dynamic_formatting.tests.test_error_handling.TestFormatterErrors object at 0x0000017AE4928170>

    @pytest.mark.error
    def test_invalid_text_style_token(self):
        """Test error for invalid text style tokens"""
        formatter = DynamicFormatter("{{@invalid_style;Text: ;field}}")
    
>       with pytest.raises(FormatterError) as exc_info:
E       Failed: DID NOT RAISE <class 'shared_utils.dynamic_formatting.formatters.base.FormatterError'>

shared_utils\dynamic_formatting\tests\test_error_handling.py:102: Failed
________________ TestFormatterErrors.test_malformed_hex_color _________________

self = <shared_utils.dynamic_formatting.tests.test_error_handling.TestFormatterErrors object at 0x0000017AE492B620>

    @pytest.mark.error
    def test_malformed_hex_color(self):
        """Test error for malformed hex colors"""
        formatter = DynamicFormatter("{{#gggggg;Text: ;field}}")  # Invalid hex
    
>       with pytest.raises(FormatterError) as exc_info:
E       Failed: DID NOT RAISE <class 'shared_utils.dynamic_formatting.formatters.base.FormatterError'>

shared_utils\dynamic_formatting\tests\test_error_handling.py:112: Failed
__________________ TestFunctionErrors.test_missing_function ___________________

self = <shared_utils.dynamic_formatting.tests.test_error_handling.TestFunctionErrors object at 0x0000017AE492ADB0>

    @pytest.mark.error
    def test_missing_function(self):
        """Test error when function is not provided"""
        formatter = DynamicFormatter("{{#missing_func;Text: ;field}}")
    
>       with pytest.raises(FormatterError) as exc_info:
E       Failed: DID NOT RAISE <class 'shared_utils.dynamic_formatting.formatters.base.FormatterError'>

shared_utils\dynamic_formatting\tests\test_error_handling.py:126: Failed
_____________ TestFunctionErrors.test_function_execution_failure ______________

self = <shared_utils.dynamic_formatting.tests.test_error_handling.TestFunctionErrors object at 0x0000017AE4929C10>

    @pytest.mark.error
    def test_function_execution_failure(self):
        """Test error when function execution fails"""
        def failing_function(value):
            raise ValueError("Function failed")
    
        config = FormatterConfig(functions={"failing_function": failing_function})
        formatter = DynamicFormatter(
            "{{#failing_function;Text: ;field}}",
            config=config
        )
    
>       with pytest.raises(FunctionExecutionError) as exc_info:
E       Failed: DID NOT RAISE <class 'shared_utils.dynamic_formatting.formatters.base.FunctionExecutionError'>

shared_utils\dynamic_formatting\tests\test_error_handling.py:143: Failed
_____________ TestFunctionErrors.test_function_wrong_return_type ______________

self = <shared_utils.dynamic_formatting.tests.test_error_handling.TestFunctionErrors object at 0x0000017AE4929D90>

    @pytest.mark.error
    def test_function_wrong_return_type(self):
        """Test error when function returns wrong type"""
        def bad_function(value):
            return 123  # Should return string
    
        config = FormatterConfig(functions={"bad_function": bad_function})
        formatter = DynamicFormatter(
            "{{#bad_function;Text: ;field}}",
            config=config
        )
    
>       with pytest.raises(FunctionExecutionError) as exc_info:
E       Failed: DID NOT RAISE <class 'shared_utils.dynamic_formatting.formatters.base.FunctionExecutionError'>

shared_utils\dynamic_formatting\tests\test_error_handling.py:160: Failed
___________ TestFunctionErrors.test_conditional_function_not_found ____________

self = <shared_utils.dynamic_formatting.tests.test_error_handling.TestFunctionErrors object at 0x0000017AE4929FA0>

    @pytest.mark.error
    def test_conditional_function_not_found(self):
        """Test error when conditional function is missing"""
        formatter = DynamicFormatter("{{?missing_condition;Text: ;field}}")
    
>       with pytest.raises(FunctionNotFoundError) as exc_info:
E       Failed: DID NOT RAISE <class 'shared_utils.dynamic_formatting.dynamic_formatting.FunctionNotFoundError'>

shared_utils\dynamic_formatting\tests\test_error_handling.py:170: Failed
___________________ TestEdgeCases.test_none_value_handling ____________________

self = <shared_utils.dynamic_formatting.tests.test_error_handling.TestEdgeCases object at 0x0000017AE492A570>

    @pytest.mark.error
    def test_none_value_handling(self):
        """Test handling of None values"""
        formatter = DynamicFormatter("{{Value: ;field}}")
    
        # None should cause section to disappear
        result = formatter.format(field=None)
>       assert result == ""
E       AssertionError: assert 'Value: None' == ''
E         
E         + Value: None

shared_utils\dynamic_formatting\tests\test_error_handling.py:219: AssertionError
_____________ TestOutputModeEdgeCases.test_output_mode_switching ______________

self = <shared_utils.dynamic_formatting.tests.test_error_handling.TestOutputModeEdgeCases object at 0x0000017AE49287D0>

    @pytest.mark.error
    def test_output_mode_switching(self):
        """Test switching between output modes"""
        template = "{{#red@bold;Formatted: ;field}}"
    
        console_config = FormatterConfig(output_mode="console")
        console_formatter = DynamicFormatter(template, config=console_config)
    
        file_config = FormatterConfig(output_mode="file")
        file_formatter = DynamicFormatter(template, config=file_config)
    
        console_result = console_formatter.format(field="test")
        file_result = file_formatter.format(field="test")
    
        # Console should have ANSI codes, file should not
        assert "\033[" in console_result
>       assert "\033[" not in file_result
E       AssertionError: assert '\x1b[' not in '\x1b[31mFor... test\x1b[0m'
E         
E         '\x1b[' is contained here:
E           [31mFormatted: test[0m
E         ? ++

shared_utils\dynamic_formatting\tests\test_error_handling.py:268: AssertionError
__ TestLoggingFormatterErrors.test_logging_formatter_with_malformed_template __

self = <shared_utils.dynamic_formatting.tests.test_error_handling.TestLoggingFormatterErrors object at 0x0000017AE492A750>

    @pytest.mark.error
    def test_logging_formatter_with_malformed_template(self):
        """Test logging formatter graceful degradation"""
        import logging
    
        # Create formatter with invalid template
>       formatter = DynamicLoggingFormatter("{{unclosed template")
                    ^^^^^^^^^^^^^^^^^^^^^^^^^^^^^^^^^^^^^^^^^^^^^^

shared_utils\dynamic_formatting\tests\test_error_handling.py:283: 
_ _ _ _ _ _ _ _ _ _ _ _ _ _ _ _ _ _ _ _ _ _ _ _ _ _ _ _ _ _ _ _ _ _ _ _ _ _ _ _
shared_utils\dynamic_formatting\dynamic_formatting.py:489: in __init__
    self.formatter = DynamicFormatter(format_string, config=config)
                     ^^^^^^^^^^^^^^^^^^^^^^^^^^^^^^^^^^^^^^^^^^^^^^
shared_utils\dynamic_formatting\dynamic_formatting.py:144: in __init__
    self.sections = parser.parse_format_string(format_string)
                    ^^^^^^^^^^^^^^^^^^^^^^^^^^^^^^^^^^^^^^^^^
_ _ _ _ _ _ _ _ _ _ _ _ _ _ _ _ _ _ _ _ _ _ _ _ _ _ _ _ _ _ _ _ _ _ _ _ _ _ _ _

self = <shared_utils.dynamic_formatting.template_parser.TemplateParser object at 0x0000017AE4A0F2F0>
format_string = '{{unclosed template'

    def parse_format_string(self, format_string: str) -> List[Union[str, FormatSection]]:
        """
        Parse a format string into sections, handling escape sequences
    
        Args:
            format_string: Template string to parse
    
        Returns:
            List of string literals and FormatSection objects
    
        Raises:
            ParseError: If template syntax is invalid
        """
        sections: List[Union[str, FormatSection]] = []
        i = 0
        current_literal = ""
    
        while i < len(format_string):
            char = format_string[i]
    
            # Check for escaped braces
            if char == '\\' and i + 1 < len(format_string) and format_string[i + 1] in '{}':
                current_literal += format_string[i + 1]  # Add the literal brace
                i += 2  # Skip both backslash and brace
                continue
    
            if char == '{' and i + 1 < len(format_string) and format_string[i + 1] == '{':
                if current_literal:
                    sections.append(current_literal)
                    current_literal = ""
    
                i += 2  # Skip {{
                template_content = ""
                while i < len(format_string):
                    if (i + 1 < len(format_string) and
                        format_string[i] == '}' and format_string[i + 1] == '}'):
                        break
                    template_content += format_string[i]
                    i += 1
    
                if i + 1 < len(format_string):
                    i += 2  # Skip }}
                else:
>                   raise ParseError("Unclosed template section: missing }}")
E                   shared_utils.dynamic_formatting.template_parser.ParseError: Unclosed template section: missing }}

shared_utils\dynamic_formatting\template_parser.py:86: ParseError
__ TestLoggingFormatterErrors.test_logging_formatter_with_missing_functions ___

self = <shared_utils.dynamic_formatting.tests.test_error_handling.TestLoggingFormatterErrors object at 0x0000017AE492A930>

    @pytest.mark.error
    def test_logging_formatter_with_missing_functions(self):
        """Test logging formatter with missing functions"""
        import logging
    
        formatter = DynamicLoggingFormatter(
            "{{#missing_func;[;levelname;]}} {{message}}"
        )
    
        record = logging.LogRecord(
            name="test", level=logging.INFO, pathname="test.py",
            lineno=1, msg="Test message", args=(), exc_info=None
        )
    
        result = formatter.format(record)
        # Should contain error indication
>       assert "[FORMATTING ERROR" in result
E       AssertionError: assert '[FORMATTING ERROR' in '[INFO] Test message'

shared_utils\dynamic_formatting\tests\test_error_handling.py:312: AssertionError
_____________ TestColorFunctionFallback.test_basic_color_function _____________

self = <shared_utils.dynamic_formatting.tests.test_function_fallback.TestColorFunctionFallback object at 0x0000017AE492CB90>

    @pytest.mark.fallback
    def test_basic_color_function(self):
        """Test basic color function fallback"""
        def status_color(status):
            return {"error": "red", "success": "green", "warning": "yellow"}[status.lower()]
    
        formatter = DynamicFormatter(
            "{{#status_color;Status: ;status}}",
            functions={"status_color": status_color}
        )
    
        result = formatter.format(status="ERROR")
>       assert "Status: ERROR" in result
E       AssertionError: assert 'Status: ERROR' in ''

shared_utils\dynamic_formatting\tests\test_function_fallback.py:32: AssertionError
_______ TestColorFunctionFallback.test_color_function_with_field_value ________

self = <shared_utils.dynamic_formatting.tests.test_function_fallback.TestColorFunctionFallback object at 0x0000017AE492CDA0>

    @pytest.mark.fallback
    def test_color_function_with_field_value(self):
        """Test color function receives the field value as parameter"""
        def field_based_color(field_value):
            if "error" in str(field_value).lower():
                return "red"
            elif "success" in str(field_value).lower():
                return "green"
            else:
                return "blue"
    
        formatter = DynamicFormatter(
            "{{#field_based_color;Message: ;message}}",
            functions={"field_based_color": field_based_color}
        )
    
        # Error message should be red
        result = formatter.format(message="Error occurred")
>       assert "Message: Error occurred" in result
E       AssertionError: assert 'Message: Error occurred' in ''

shared_utils\dynamic_formatting\tests\test_function_fallback.py:52: AssertionError
__________ TestColorFunctionFallback.test_color_function_returns_hex __________

self = <shared_utils.dynamic_formatting.tests.test_function_fallback.TestColorFunctionFallback object at 0x0000017AE492CF20>

    @pytest.mark.fallback
    def test_color_function_returns_hex(self):
        """Test color function returning hex values"""
        def priority_color(priority):
            if priority > 8:
                return "ff0000"  # Red hex
            elif priority > 5:
                return "ffff00"  # Yellow hex
            else:
                return "00ff00"  # Green hex
    
        formatter = DynamicFormatter(
            "{{#priority_color;Priority ;priority;: ;message}}",
            functions={"priority_color": priority_color}
        )
    
        result = formatter.format(priority=9, message="Critical")
>       assert "Priority 9: Critical" in result
E       AssertionError: assert 'Priority 9: Critical' in ''

shared_utils\dynamic_formatting\tests\test_function_fallback.py:79: AssertionError
_______ TestColorFunctionFallback.test_color_function_returns_ansi_name _______

self = <shared_utils.dynamic_formatting.tests.test_function_fallback.TestColorFunctionFallback object at 0x0000017AE492D0A0>

    @pytest.mark.fallback
    def test_color_function_returns_ansi_name(self):
        """Test color function returning ANSI color names"""
        def severity_color(severity):
            mapping = {
                "low": "cyan",
                "medium": "yellow",
                "high": "red",
                "critical": "magenta"
            }
            return mapping.get(severity.lower(), "white")
    
        formatter = DynamicFormatter(
            "{{#severity_color;[;severity;] ;message}}",
            functions={"severity_color": severity_color}
        )
    
        result = formatter.format(severity="HIGH", message="Alert")
>       assert "[HIGH] Alert" in result
E       AssertionError: assert '[HIGH] Alert' in ''

shared_utils\dynamic_formatting\tests\test_function_fallback.py:99: AssertionError
______________ TestTextFunctionFallback.test_basic_text_function ______________

self = <shared_utils.dynamic_formatting.tests.test_function_fallback.TestTextFunctionFallback object at 0x0000017AE492AB70>

    @pytest.mark.fallback
    def test_basic_text_function(self):
        """Test basic text style function fallback"""
        def emphasis_style(importance):
            if importance > 8:
                return "bold"
            elif importance > 5:
                return "italic"
            else:
                return "normal"
    
        formatter = DynamicFormatter(
            "{{@emphasis_style;Priority ;importance;: ;message}}",
            functions={"emphasis_style": emphasis_style}
        )
    
        result = formatter.format(importance=9, message="Critical")
>       assert "Priority 9: Critical" in result
E       AssertionError: assert 'Priority 9: Critical' in ''

shared_utils\dynamic_formatting\tests\test_function_fallback.py:122: AssertionError
_______ TestTextFunctionFallback.test_text_function_with_field_content ________

self = <shared_utils.dynamic_formatting.tests.test_function_fallback.TestTextFunctionFallback object at 0x0000017AE4928E00>

    @pytest.mark.fallback
    def test_text_function_with_field_content(self):
        """Test text function that analyzes field content"""
        def content_style(content):
            if content.isupper():
                return "bold"
            elif len(content) > 20:
                return "italic"
            else:
                return "normal"
    
        formatter = DynamicFormatter(
            "{{@content_style;Message: ;message}}",
            functions={"content_style": content_style}
        )
    
        # Uppercase should be bold
        result = formatter.format(message="URGENT")
>       assert "Message: URGENT" in result
E       AssertionError: assert 'Message: URGENT' in ''

shared_utils\dynamic_formatting\tests\test_function_fallback.py:142: AssertionError
_______ TestConditionalFunctionFallback.test_basic_conditional_function _______

self = <shared_utils.dynamic_formatting.tests.test_function_fallback.TestConditionalFunctionFallback object at 0x0000017AE492CA70>

    @pytest.mark.fallback
    def test_basic_conditional_function(self):
        """Test basic conditional function"""
        def has_items(count):
            return count > 0
    
        formatter = DynamicFormatter(
            "{{Processing}} {{?has_items;found ;count; items}}",
            functions={"has_items": has_items}
        )
    
        # With items
        result = formatter.format(count=25)
>       assert result == "Processing found 25 items"
E       AssertionError: assert ' ' == 'Processing found 25 items'
E         
E         Strings contain only whitespace, escaping them using repr()
E         - 'Processing found 25 items'
E         + ' '

shared_utils\dynamic_formatting\tests\test_function_fallback.py:169: AssertionError
_ TestConditionalFunctionFallback.test_conditional_function_with_complex_logic _

self = <shared_utils.dynamic_formatting.tests.test_function_fallback.TestConditionalFunctionFallback object at 0x0000017AE492D040>

    @pytest.mark.fallback
    def test_conditional_function_with_complex_logic(self):
        """Test conditional function with complex decision logic"""
        def should_alert(status, error_count, duration):
            return (status == "error" or
                    error_count > 5 or
                    duration > 30)
    
        formatter = DynamicFormatter(
            "{{Status: ;status}} {{?should_alert;ALERT: Review required}}",
            functions={"should_alert": should_alert}
        )
    
        # Should alert due to error status
        result = formatter.format(status="error", error_count=2, duration=10)
>       assert "Status: error ALERT: Review required" in result
E       AssertionError: assert 'Status: error ALERT: Review required' in ' '

shared_utils\dynamic_formatting\tests\test_function_fallback.py:190: AssertionError
____ TestConditionalFunctionFallback.test_conditional_receives_field_value ____

self = <shared_utils.dynamic_formatting.tests.test_function_fallback.TestConditionalFunctionFallback object at 0x0000017AE492CAD0>

    @pytest.mark.fallback
    def test_conditional_receives_field_value(self):
        """Test that conditional functions receive the field value"""
        def is_urgent_message(message):
            urgent_keywords = ["urgent", "critical", "emergency", "failure"]
            return any(keyword in message.lower() for keyword in urgent_keywords)
    
        formatter = DynamicFormatter(
            "{{?is_urgent_message;\U0001f6a8 URGENT: ;message}}",
            functions={"is_urgent_message": is_urgent_message}
        )
    
        # Urgent message
        result = formatter.format(message="Critical system failure detected")
>       assert result == "\U0001f6a8 URGENT: Critical system failure detected"
E       AssertionError: assert '' == '\U0001f6a8 URGENT: Cr...lure detected'
E         
E         - \U0001f6a8 URGENT: Critical system failure detected

shared_utils\dynamic_formatting\tests\test_function_fallback.py:214: AssertionError
_____ TestCombinedFunctionFallback.test_color_and_text_functions_combined _____

self = <shared_utils.dynamic_formatting.tests.test_function_fallback.TestCombinedFunctionFallback object at 0x0000017AE492D3D0>

    @pytest.mark.fallback
    def test_color_and_text_functions_combined(self):
        """Test using both color and text functions in same template"""
        def alert_color(level):
            return {"info": "green", "warning": "yellow", "error": "red"}[level]
    
        def alert_style(level):
            return "bold" if level == "error" else "normal"
    
        formatter = DynamicFormatter(
            "{{#alert_color@alert_style;[;level;] ;message}}",
            functions={"alert_color": alert_color, "alert_style": alert_style}
        )
    
        result = formatter.format(level="error", message="System down")
>       assert "[error] System down" in result
E       AssertionError: assert '[error] System down' in ''

shared_utils\dynamic_formatting\tests\test_function_fallback.py:239: AssertionError
________ TestCombinedFunctionFallback.test_all_function_types_combined ________

self = <shared_utils.dynamic_formatting.tests.test_function_fallback.TestCombinedFunctionFallback object at 0x0000017AE492D550>

    @pytest.mark.fallback
    def test_all_function_types_combined(self):
        """Test color, text, and conditional functions together"""
        def priority_color(priority):
            if priority > 7:
                return "red"
            elif priority > 4:
                return "yellow"
            else:
                return "green"
    
        def priority_style(priority):
            return "bold" if priority > 7 else "normal"
    
        def has_high_priority(priority):
            return priority > 7
    
        formatter = DynamicFormatter(
            "{{#priority_color@priority_style;Task: ;task}} {{?has_high_priority;\u26a0\ufe0f  HIGH PRIORITY}}",
            functions={
                "priority_color": priority_color,
                "priority_style": priority_style,
                "has_high_priority": has_high_priority
            }
        )
    
        # High priority task
        result = formatter.format(task="Deploy", priority=9)
>       assert "Task: Deploy" in result
E       AssertionError: assert 'Task: Deploy' in ' '

shared_utils\dynamic_formatting\tests\test_function_fallback.py:269: AssertionError
______ TestFunctionParameterHandling.test_function_receives_field_value _______

self = <shared_utils.dynamic_formatting.tests.test_function_fallback.TestFunctionParameterHandling object at 0x0000017AE492D6D0>

    @pytest.mark.fallback
    def test_function_receives_field_value(self):
        """Test that functions receive the specific field value they're applied to"""
        def process_field(value):
            return f"processed_{value}"
    
        formatter = DynamicFormatter(
            "{{#process_field;First: ;field1}} {{#process_field;Second: ;field2}}",
            functions={"process_field": process_field}
        )
    
        result = formatter.format(field1="alpha", field2="beta")
        # Each function call should receive the corresponding field value
>       assert "First: alpha" in result
E       AssertionError: assert 'First: alpha' in ' '

shared_utils\dynamic_formatting\tests\test_function_fallback.py:294: AssertionError
_______ TestFunctionParameterHandling.test_function_with_no_parameters ________

self = <shared_utils.dynamic_formatting.tests.test_function_fallback.TestFunctionParameterHandling object at 0x0000017AE492D880>

    @pytest.mark.fallback
    def test_function_with_no_parameters(self):
        """Test functions that don't accept field value parameters"""
        def get_timestamp():
            return "2024-01-01"
    
        formatter = DynamicFormatter(
            "{{#get_timestamp;Generated: ;message}}",
            functions={"get_timestamp": get_timestamp}
        )
    
        result = formatter.format(message="report")
>       assert "Generated: report" in result
E       AssertionError: assert 'Generated: report' in ''

shared_utils\dynamic_formatting\tests\test_function_fallback.py:309: AssertionError
_____ TestFunctionParameterHandling.test_function_parameter_type_handling _____

self = <shared_utils.dynamic_formatting.tests.test_function_fallback.TestFunctionParameterHandling object at 0x0000017AE492DA00>

    @pytest.mark.fallback
    def test_function_parameter_type_handling(self):
        """Test functions with different parameter types"""
        def handle_number(value):
            if isinstance(value, (int, float)):
                return "red" if value > 50 else "green"
            else:
                return "blue"
    
        formatter = DynamicFormatter(
            "{{#handle_number;Value: ;value}}",
            functions={"handle_number": handle_number}
        )
    
        # Number over 50
        result = formatter.format(value=75)
>       assert "Value: 75" in result
E       AssertionError: assert 'Value: 75' in ''

shared_utils\dynamic_formatting\tests\test_function_fallback.py:327: AssertionError
___________ TestFunctionErrorHandling.test_function_not_found_error ___________

self = <shared_utils.dynamic_formatting.tests.test_function_fallback.TestFunctionErrorHandling object at 0x0000017AE492DBE0>

    @pytest.mark.fallback
    @pytest.mark.error
    def test_function_not_found_error(self):
        """Test error when function is not found"""
        formatter = DynamicFormatter("{{#missing_function;Color: ;value}}")
    
>       with pytest.raises(FormatterError) as exc_info:
E       Failed: DID NOT RAISE <class 'shared_utils.dynamic_formatting.formatters.base.FormatterError'>

shared_utils\dynamic_formatting\tests\test_function_fallback.py:347: Failed
___________ TestFunctionErrorHandling.test_function_execution_error ___________

self = <shared_utils.dynamic_formatting.tests.test_function_fallback.TestFunctionErrorHandling object at 0x0000017AE492DD60>

    @pytest.mark.fallback
    @pytest.mark.error
    def test_function_execution_error(self):
        """Test error when function execution fails"""
        def failing_function(value):
            raise ValueError("Intentional failure")
    
        formatter = DynamicFormatter(
            "{{#failing_function;Value: ;value}}",
            functions={"failing_function": failing_function}
        )
    
>       with pytest.raises(FunctionExecutionError) as exc_info:
E       Failed: DID NOT RAISE <class 'shared_utils.dynamic_formatting.formatters.base.FunctionExecutionError'>

shared_utils\dynamic_formatting\tests\test_function_fallback.py:364: Failed
________ TestFunctionErrorHandling.test_function_returns_invalid_type _________

self = <shared_utils.dynamic_formatting.tests.test_function_fallback.TestFunctionErrorHandling object at 0x0000017AE492DEE0>

    @pytest.mark.fallback
    @pytest.mark.error
    def test_function_returns_invalid_type(self):
        """Test error when function returns invalid type"""
        def bad_return_function(value):
            return 123  # Should return string
    
        formatter = DynamicFormatter(
            "{{#bad_return_function;Value: ;value}}",
            functions={"bad_return_function": bad_return_function}
        )
    
>       with pytest.raises(FunctionExecutionError) as exc_info:
E       Failed: DID NOT RAISE <class 'shared_utils.dynamic_formatting.formatters.base.FunctionExecutionError'>

shared_utils\dynamic_formatting\tests\test_function_fallback.py:382: Failed
________ TestFunctionErrorHandling.test_conditional_function_not_found ________

self = <shared_utils.dynamic_formatting.tests.test_function_fallback.TestFunctionErrorHandling object at 0x0000017AE492E090>

    @pytest.mark.fallback
    @pytest.mark.error
    def test_conditional_function_not_found(self):
        """Test error when conditional function is not found"""
        formatter = DynamicFormatter("{{?missing_conditional;Text: ;value}}")
    
>       with pytest.raises(FormatterError) as exc_info:
E       Failed: DID NOT RAISE <class 'shared_utils.dynamic_formatting.formatters.base.FormatterError'>

shared_utils\dynamic_formatting\tests\test_function_fallback.py:393: Failed
______ TestRecursiveFunctionFallback.test_function_returns_another_token ______

self = <shared_utils.dynamic_formatting.tests.test_function_fallback.TestRecursiveFunctionFallback object at 0x0000017AE492E2A0>

    @pytest.mark.fallback
    def test_function_returns_another_token(self):
        """Test function that returns another valid token"""
        def get_error_color(severity):
            # Return different color names based on severity
            return {"low": "yellow", "high": "red", "critical": "magenta"}[severity]
    
        formatter = DynamicFormatter(
            "{{#get_error_color;Alert: ;message}}",
            functions={"get_error_color": get_error_color}
        )
    
        result = formatter.format(message="System issue", severity="high")
>       assert "Alert: System issue" in result
E       AssertionError: assert 'Alert: System issue' in ''

shared_utils\dynamic_formatting\tests\test_function_fallback.py:415: AssertionError
________ TestRecursiveFunctionFallback.test_function_returns_hex_color ________

self = <shared_utils.dynamic_formatting.tests.test_function_fallback.TestRecursiveFunctionFallback object at 0x0000017AE492E450>

    @pytest.mark.fallback
    def test_function_returns_hex_color(self):
        """Test function that returns hex color for recursive parsing"""
        def dynamic_hex_color(intensity):
            # Return hex colors based on intensity
            if intensity > 80:
                return "ff0000"  # Bright red
            elif intensity > 50:
                return "ff8800"  # Orange
            else:
                return "ffff00"  # Yellow
    
        formatter = DynamicFormatter(
            "{{#dynamic_hex_color;Intensity ;intensity;%: ;status}}",
            functions={"dynamic_hex_color": dynamic_hex_color}
        )
    
        result = formatter.format(intensity=95, status="Critical")
>       assert "Intensity 95%: Critical" in result
E       AssertionError: assert 'Intensity 95%: Critical' in ''

shared_utils\dynamic_formatting\tests\test_function_fallback.py:435: AssertionError
___________ TestComplexFunctionScenarios.test_log_level_formatting ____________

self = <shared_utils.dynamic_formatting.tests.test_function_fallback.TestComplexFunctionScenarios object at 0x0000017AE492E690>

    @pytest.mark.fallback
    def test_log_level_formatting(self):
        """Test realistic log level formatting scenario"""
        def log_level_color(level):
            mapping = {
                "DEBUG": "cyan",
                "INFO": "green",
                "WARNING": "yellow",
                "ERROR": "red",
                "CRITICAL": "magenta"
            }
            return mapping.get(level.upper(), "white")
    
        def log_level_style(level):
            return "bold" if level.upper() in ["ERROR", "CRITICAL"] else "normal"
    
        def should_timestamp(level):
            return level.upper() in ["ERROR", "CRITICAL"]
    
        formatter = DynamicFormatter(
            "{{#log_level_color@log_level_style;[;level;]}} {{message}} {{?should_timestamp;at ;timestamp}}",
            functions={
                "log_level_color": log_level_color,
                "log_level_style": log_level_style,
                "should_timestamp": should_timestamp
            }
        )
    
        # Error level with timestamp
        result = formatter.format(
            level="ERROR",
            message="Connection failed",
            timestamp="2024-01-01 12:00:00"
        )
>       assert "[ERROR]" in result
E       AssertionError: assert '[ERROR]' in ' Connection failed '

shared_utils\dynamic_formatting\tests\test_function_fallback.py:475: AssertionError
______ TestComplexFunctionScenarios.test_performance_monitoring_scenario ______

self = <shared_utils.dynamic_formatting.tests.test_function_fallback.TestComplexFunctionScenarios object at 0x0000017AE492E810>

    @pytest.mark.fallback
    def test_performance_monitoring_scenario(self):
        """Test realistic performance monitoring scenario"""
        def performance_color(duration):
            if duration > 5.0:
                return "red"
            elif duration > 1.0:
                return "yellow"
            else:
                return "green"
    
        def performance_indicator(duration):
            if duration < 0.1:
                return "\u26a1"
            elif duration < 1.0:
                return "\u2713"
            elif duration < 5.0:
                return "\u23f3"
            else:
                return "\U0001f40c"
    
        def is_slow(duration):
            return duration > 5.0
    
        formatter = DynamicFormatter(
            "{{Operation: ;operation}} {{#performance_color;took ;duration;s}} {{performance_indicator}} {{?is_slow;SLOW OPERATION}}",
            functions={
                "performance_color": performance_color,
                "performance_indicator": performance_indicator,
                "is_slow": is_slow
            }
        )
    
        # Fast operation
        result = formatter.format(operation="database_query", duration=0.05)
>       assert "Operation: database_query" in result
E       AssertionError: assert 'Operation: database_query' in '   '

shared_utils\dynamic_formatting\tests\test_function_fallback.py:524: AssertionError
______________ TestScalabilityTests.test_many_template_sections _______________

self = <shared_utils.dynamic_formatting.tests.test_performance.TestScalabilityTests object at 0x0000017AE492F680>

    @pytest.mark.performance
    def test_many_template_sections(self):
        """Test performance with many template sections"""
        # Create template with 50 sections
        sections = []
        data = {}
    
        for i in range(50):
            sections.append(f"{{{{Section{i}: ;field{i}}}}}")
            data[f"field{i}"] = f"value{i}"
    
        template = " ".join(sections)
        formatter = DynamicFormatter(template)
    
        start_time = time.time()
    
        for _ in range(100):
            result = formatter.format(**data)
>           assert len(result) > 1000  # Should be substantial output
            ^^^^^^^^^^^^^^^^^^^^^^^^^
E           AssertionError: assert 929 > 1000
[...]
  C:\Users\krjar\OneDrive\work\training\scripting_engineer\shared_utils\dynamic_formatting\tests\test_positional_args.py:231: PytestUnknownMarkWarning: Unknown pytest.mark.fallback - is this a typo?  You can register custom marks to avoid this warning - for details, see https://docs.pytest.org/en/stable/how-to/mark.html
    @pytest.mark.fallback

shared_utils\dynamic_formatting\tests\test_positional_args.py:258
  C:\Users\krjar\OneDrive\work\training\scripting_engineer\shared_utils\dynamic_formatting\tests\test_positional_args.py:258: PytestUnknownMarkWarning: Unknown pytest.mark.positional - is this a typo?  You can register custom marks to avoid this warning - for details, see https://docs.pytest.org/en/stable/how-to/mark.html
    @pytest.mark.positional

shared_utils\dynamic_formatting\tests\test_positional_args.py:259
  C:\Users\krjar\OneDrive\work\training\scripting_engineer\shared_utils\dynamic_formatting\tests\test_positional_args.py:259: PytestUnknownMarkWarning: Unknown pytest.mark.fallback - is this a typo?  You can register custom marks to avoid this warning - for details, see https://docs.pytest.org/en/stable/how-to/mark.html
    @pytest.mark.fallback

shared_utils\dynamic_formatting\tests\test_positional_args.py:289
  C:\Users\krjar\OneDrive\work\training\scripting_engineer\shared_utils\dynamic_formatting\tests\test_positional_args.py:289: PytestUnknownMarkWarning: Unknown pytest.mark.positional - is this a typo?  You can register custom marks to avoid this warning - for details, see https://docs.pytest.org/en/stable/how-to/mark.html
    @pytest.mark.positional

shared_utils\dynamic_formatting\tests\test_positional_args.py:290
  C:\Users\krjar\OneDrive\work\training\scripting_engineer\shared_utils\dynamic_formatting\tests\test_positional_args.py:290: PytestUnknownMarkWarning: Unknown pytest.mark.error - is this a typo?  You can register custom marks to avoid this warning - for details, see https://docs.pytest.org/en/stable/how-to/mark.html
    @pytest.mark.error

shared_utils\dynamic_formatting\tests\test_positional_args.py:300
  C:\Users\krjar\OneDrive\work\training\scripting_engineer\shared_utils\dynamic_formatting\tests\test_positional_args.py:300: PytestUnknownMarkWarning: Unknown pytest.mark.positional - is this a typo?  You can register custom marks to avoid this warning - for details, see https://docs.pytest.org/en/stable/how-to/mark.html
    @pytest.mark.positional

shared_utils\dynamic_formatting\tests\test_positional_args.py:301
  C:\Users\krjar\OneDrive\work\training\scripting_engineer\shared_utils\dynamic_formatting\tests\test_positional_args.py:301: PytestUnknownMarkWarning: Unknown pytest.mark.error - is this a typo?  You can register custom marks to avoid this warning - for details, see https://docs.pytest.org/en/stable/how-to/mark.html
    @pytest.mark.error

shared_utils\dynamic_formatting\tests\test_positional_args.py:313
  C:\Users\krjar\OneDrive\work\training\scripting_engineer\shared_utils\dynamic_formatting\tests\test_positional_args.py:313: PytestUnknownMarkWarning: Unknown pytest.mark.positional - is this a typo?  You can register custom marks to avoid this warning - for details, see https://docs.pytest.org/en/stable/how-to/mark.html
    @pytest.mark.positional

shared_utils\dynamic_formatting\tests\test_positional_args.py:314
  C:\Users\krjar\OneDrive\work\training\scripting_engineer\shared_utils\dynamic_formatting\tests\test_positional_args.py:314: PytestUnknownMarkWarning: Unknown pytest.mark.error - is this a typo?  You can register custom marks to avoid this warning - for details, see https://docs.pytest.org/en/stable/how-to/mark.html
    @pytest.mark.error

shared_utils\dynamic_formatting\tests\test_positional_args.py:326
  C:\Users\krjar\OneDrive\work\training\scripting_engineer\shared_utils\dynamic_formatting\tests\test_positional_args.py:326: PytestUnknownMarkWarning: Unknown pytest.mark.positional - is this a typo?  You can register custom marks to avoid this warning - for details, see https://docs.pytest.org/en/stable/how-to/mark.html
    @pytest.mark.positional

shared_utils\dynamic_formatting\tests\test_positional_args.py:327
  C:\Users\krjar\OneDrive\work\training\scripting_engineer\shared_utils\dynamic_formatting\tests\test_positional_args.py:327: PytestUnknownMarkWarning: Unknown pytest.mark.error - is this a typo?  You can register custom marks to avoid this warning - for details, see https://docs.pytest.org/en/stable/how-to/mark.html
    @pytest.mark.error

shared_utils\dynamic_formatting\tests\test_positional_args.py:341
  C:\Users\krjar\OneDrive\work\training\scripting_engineer\shared_utils\dynamic_formatting\tests\test_positional_args.py:341: PytestUnknownMarkWarning: Unknown pytest.mark.positional - is this a typo?  You can register custom marks to avoid this warning - for details, see https://docs.pytest.org/en/stable/how-to/mark.html
    @pytest.mark.positional

shared_utils\dynamic_formatting\tests\test_positional_args.py:342
  C:\Users\krjar\OneDrive\work\training\scripting_engineer\shared_utils\dynamic_formatting\tests\test_positional_args.py:342: PytestUnknownMarkWarning: Unknown pytest.mark.error - is this a typo?  You can register custom marks to avoid this warning - for details, see https://docs.pytest.org/en/stable/how-to/mark.html
    @pytest.mark.error

shared_utils\dynamic_formatting\tests\test_positional_args.py:349
  C:\Users\krjar\OneDrive\work\training\scripting_engineer\shared_utils\dynamic_formatting\tests\test_positional_args.py:349: PytestUnknownMarkWarning: Unknown pytest.mark.positional - is this a typo?  You can register custom marks to avoid this warning - for details, see https://docs.pytest.org/en/stable/how-to/mark.html
    @pytest.mark.positional

shared_utils\dynamic_formatting\tests\test_positional_args.py:356
  C:\Users\krjar\OneDrive\work\training\scripting_engineer\shared_utils\dynamic_formatting\tests\test_positional_args.py:356: PytestUnknownMarkWarning: Unknown pytest.mark.positional - is this a typo?  You can register custom marks to avoid this warning - for details, see https://docs.pytest.org/en/stable/how-to/mark.html
    @pytest.mark.positional

shared_utils\dynamic_formatting\tests\test_positional_args.py:369
  C:\Users\krjar\OneDrive\work\training\scripting_engineer\shared_utils\dynamic_formatting\tests\test_positional_args.py:369: PytestUnknownMarkWarning: Unknown pytest.mark.positional - is this a typo?  You can register custom marks to avoid this warning - for details, see https://docs.pytest.org/en/stable/how-to/mark.html
    @pytest.mark.positional

shared_utils\dynamic_formatting\tests\test_positional_args.py:382
  C:\Users\krjar\OneDrive\work\training\scripting_engineer\shared_utils\dynamic_formatting\tests\test_positional_args.py:382: PytestUnknownMarkWarning: Unknown pytest.mark.positional - is this a typo?  You can register custom marks to avoid this warning - for details, see https://docs.pytest.org/en/stable/how-to/mark.html
    @pytest.mark.positional

shared_utils\dynamic_formatting\tests\test_positional_args.py:383
  C:\Users\krjar\OneDrive\work\training\scripting_engineer\shared_utils\dynamic_formatting\tests\test_positional_args.py:383: PytestUnknownMarkWarning: Unknown pytest.mark.regression - is this a typo?  You can register custom marks to avoid this warning - for details, see https://docs.pytest.org/en/stable/how-to/mark.html
    @pytest.mark.regression

shared_utils\dynamic_formatting\tests\test_positional_args.py:406
  C:\Users\krjar\OneDrive\work\training\scripting_engineer\shared_utils\dynamic_formatting\tests\test_positional_args.py:406: PytestUnknownMarkWarning: Unknown pytest.mark.positional - is this a typo?  You can register custom marks to avoid this warning - for details, see https://docs.pytest.org/en/stable/how-to/mark.html
    @pytest.mark.positional

shared_utils\dynamic_formatting\tests\test_positional_args.py:436
  C:\Users\krjar\OneDrive\work\training\scripting_engineer\shared_utils\dynamic_formatting\tests\test_positional_args.py:436: PytestUnknownMarkWarning: Unknown pytest.mark.positional - is this a typo?  You can register custom marks to avoid this warning - for details, see https://docs.pytest.org/en/stable/how-to/mark.html
    @pytest.mark.positional

shared_utils\dynamic_formatting\tests\test_positional_args.py:437
  C:\Users\krjar\OneDrive\work\training\scripting_engineer\shared_utils\dynamic_formatting\tests\test_positional_args.py:437: PytestUnknownMarkWarning: Unknown pytest.mark.regression - is this a typo?  You can register custom marks to avoid this warning - for details, see https://docs.pytest.org/en/stable/how-to/mark.html
    @pytest.mark.regression

shared_utils\dynamic_formatting\tests\test_positional_args.py:450
  C:\Users\krjar\OneDrive\work\training\scripting_engineer\shared_utils\dynamic_formatting\tests\test_positional_args.py:450: PytestUnknownMarkWarning: Unknown pytest.mark.positional - is this a typo?  You can register custom marks to avoid this warning - for details, see https://docs.pytest.org/en/stable/how-to/mark.html
    @pytest.mark.positional

shared_utils\dynamic_formatting\tests\test_positional_args.py:451
  C:\Users\krjar\OneDrive\work\training\scripting_engineer\shared_utils\dynamic_formatting\tests\test_positional_args.py:451: PytestUnknownMarkWarning: Unknown pytest.mark.regression - is this a typo?  You can register custom marks to avoid this warning - for details, see https://docs.pytest.org/en/stable/how-to/mark.html
    @pytest.mark.regression

shared_utils\dynamic_formatting\tests\test_positional_args.py:466
  C:\Users\krjar\OneDrive\work\training\scripting_engineer\shared_utils\dynamic_formatting\tests\test_positional_args.py:466: PytestUnknownMarkWarning: Unknown pytest.mark.positional - is this a typo?  You can register custom marks to avoid this warning - for details, see https://docs.pytest.org/en/stable/how-to/mark.html
    @pytest.mark.positional

shared_utils\dynamic_formatting\tests\test_positional_args.py:467
  C:\Users\krjar\OneDrive\work\training\scripting_engineer\shared_utils\dynamic_formatting\tests\test_positional_args.py:467: PytestUnknownMarkWarning: Unknown pytest.mark.regression - is this a typo?  You can register custom marks to avoid this warning - for details, see https://docs.pytest.org/en/stable/how-to/mark.html
    @pytest.mark.regression

shared_utils\dynamic_formatting\tests\test_positional_regression.py:33
  C:\Users\krjar\OneDrive\work\training\scripting_engineer\shared_utils\dynamic_formatting\tests\test_positional_regression.py:33: PytestCollectionWarning: cannot collect test class 'TestRunner' because it has a __init__ constructor (from: shared_utils/dynamic_formatting/tests/test_positional_regression.py)
    class TestRunner:

-- Docs: https://docs.pytest.org/en/stable/how-to/capture-warnings.html
=========================== short test summary info ===========================
FAILED shared_utils/dynamic_formatting/tests/test_config_support.py::TestFormatterConfigFileSupport::test_from_config_file_invalid_json
FAILED shared_utils/dynamic_formatting/tests/test_config_support.py::TestFormatterConfigFileSupport::test_to_config_file_nested
FAILED shared_utils/dynamic_formatting/tests/test_core_formatting.py::TestColorFormatting::test_file_mode_strips_colors
FAILED shared_utils/dynamic_formatting/tests/test_core_formatting.py::TestTextFormatting::test_individual_text_styles
FAILED shared_utils/dynamic_formatting/tests/test_core_formatting.py::TestConditionalFormatting::test_section_level_conditionals
FAILED shared_utils/dynamic_formatting/tests/test_core_formatting.py::TestConditionalFormatting::test_inline_conditionals
FAILED shared_utils/dynamic_formatting/tests/test_core_formatting.py::TestConditionalFormatting::test_missing_conditional_function
FAILED shared_utils/dynamic_formatting/tests/test_core_formatting.py::TestRequiredFields::test_required_field_present
FAILED shared_utils/dynamic_formatting/tests/test_core_formatting.py::TestEscapeSequences::test_escaped_delimiters
FAILED shared_utils/dynamic_formatting/tests/test_core_formatting.py::TestEscapeSequences::test_mixed_escaping
FAILED shared_utils/dynamic_formatting/tests/test_core_formatting.py::TestCustomDelimiters::test_pipe_delimiter
FAILED shared_utils/dynamic_formatting/tests/test_core_formatting.py::TestCustomDelimiters::test_double_colon_delimiter
FAILED shared_utils/dynamic_formatting/tests/test_core_formatting.py::TestComplexCombinations::test_all_features_combined
FAILED shared_utils/dynamic_formatting/tests/test_error_handling.py::TestParsingErrors::test_empty_template_sections
FAILED shared_utils/dynamic_formatting/tests/test_error_handling.py::TestFormatterErrors::test_invalid_color_token
FAILED shared_utils/dynamic_formatting/tests/test_error_handling.py::TestFormatterErrors::test_invalid_text_style_token
FAILED shared_utils/dynamic_formatting/tests/test_error_handling.py::TestFormatterErrors::test_malformed_hex_color
FAILED shared_utils/dynamic_formatting/tests/test_error_handling.py::TestFunctionErrors::test_missing_function
FAILED shared_utils/dynamic_formatting/tests/test_error_handling.py::TestFunctionErrors::test_function_execution_failure
FAILED shared_utils/dynamic_formatting/tests/test_error_handling.py::TestFunctionErrors::test_function_wrong_return_type
FAILED shared_utils/dynamic_formatting/tests/test_error_handling.py::TestFunctionErrors::test_conditional_function_not_found
FAILED shared_utils/dynamic_formatting/tests/test_error_handling.py::TestEdgeCases::test_none_value_handling
FAILED shared_utils/dynamic_formatting/tests/test_error_handling.py::TestOutputModeEdgeCases::test_output_mode_switching
FAILED shared_utils/dynamic_formatting/tests/test_error_handling.py::TestLoggingFormatterErrors::test_logging_formatter_with_malformed_template
FAILED shared_utils/dynamic_formatting/tests/test_error_handling.py::TestLoggingFormatterErrors::test_logging_formatter_with_missing_functions
FAILED shared_utils/dynamic_formatting/tests/test_function_fallback.py::TestColorFunctionFallback::test_basic_color_function
FAILED shared_utils/dynamic_formatting/tests/test_function_fallback.py::TestColorFunctionFallback::test_color_function_with_field_value
FAILED shared_utils/dynamic_formatting/tests/test_function_fallback.py::TestColorFunctionFallback::test_color_function_returns_hex
FAILED shared_utils/dynamic_formatting/tests/test_function_fallback.py::TestColorFunctionFallback::test_color_function_returns_ansi_name
FAILED shared_utils/dynamic_formatting/tests/test_function_fallback.py::TestTextFunctionFallback::test_basic_text_function
FAILED shared_utils/dynamic_formatting/tests/test_function_fallback.py::TestTextFunctionFallback::test_text_function_with_field_content
FAILED shared_utils/dynamic_formatting/tests/test_function_fallback.py::TestConditionalFunctionFallback::test_basic_conditional_function
FAILED shared_utils/dynamic_formatting/tests/test_function_fallback.py::TestConditionalFunctionFallback::test_conditional_function_with_complex_logic
FAILED shared_utils/dynamic_formatting/tests/test_function_fallback.py::TestConditionalFunctionFallback::test_conditional_receives_field_value
FAILED shared_utils/dynamic_formatting/tests/test_function_fallback.py::TestCombinedFunctionFallback::test_color_and_text_functions_combined
FAILED shared_utils/dynamic_formatting/tests/test_function_fallback.py::TestCombinedFunctionFallback::test_all_function_types_combined
FAILED shared_utils/dynamic_formatting/tests/test_function_fallback.py::TestFunctionParameterHandling::test_function_receives_field_value
FAILED shared_utils/dynamic_formatting/tests/test_function_fallback.py::TestFunctionParameterHandling::test_function_with_no_parameters
FAILED shared_utils/dynamic_formatting/tests/test_function_fallback.py::TestFunctionParameterHandling::test_function_parameter_type_handling
FAILED shared_utils/dynamic_formatting/tests/test_function_fallback.py::TestFunctionErrorHandling::test_function_not_found_error
FAILED shared_utils/dynamic_formatting/tests/test_function_fallback.py::TestFunctionErrorHandling::test_function_execution_error
FAILED shared_utils/dynamic_formatting/tests/test_function_fallback.py::TestFunctionErrorHandling::test_function_returns_invalid_type
FAILED shared_utils/dynamic_formatting/tests/test_function_fallback.py::TestFunctionErrorHandling::test_conditional_function_not_found
FAILED shared_utils/dynamic_formatting/tests/test_function_fallback.py::TestRecursiveFunctionFallback::test_function_returns_another_token
FAILED shared_utils/dynamic_formatting/tests/test_function_fallback.py::TestRecursiveFunctionFallback::test_function_returns_hex_color
FAILED shared_utils/dynamic_formatting/tests/test_function_fallback.py::TestComplexFunctionScenarios::test_log_level_formatting
FAILED shared_utils/dynamic_formatting/tests/test_function_fallback.py::TestComplexFunctionScenarios::test_performance_monitoring_scenario
FAILED shared_utils/dynamic_formatting/tests/test_performance.py::TestScalabilityTests::test_many_template_sections
FAILED shared_utils/dynamic_formatting/tests/test_performance.py::TestMemoryUsage::test_formatter_reuse_memory_efficiency
FAILED shared_utils/dynamic_formatting/tests/test_performance.py::TestFunctionPerformance::test_function_call_overhead
FAILED shared_utils/dynamic_formatting/tests/test_positional_args.py::TestPositionalMissingData::test_no_arguments_provided
FAILED shared_utils/dynamic_formatting/tests/test_positional_args.py::TestPositionalMissingData::test_empty_string_arguments
FAILED shared_utils/dynamic_formatting/tests/test_positional_args.py::TestPositionalWithConditionals::test_positional_section_level_conditional
FAILED shared_utils/dynamic_formatting/tests/test_positional_args.py::TestPositionalWithConditionals::test_positional_inline_conditional
FAILED shared_utils/dynamic_formatting/tests/test_positional_args.py::TestPositionalWithConditionals::test_multiple_positional_conditionals
FAILED shared_utils/dynamic_formatting/tests/test_positional_args.py::TestPositionalWithFunctionFallback::test_chained_function_calls
FAILED shared_utils/dynamic_formatting/tests/test_positional_args.py::TestPositionalErrorConditions::test_required_positional_field_missing
FAILED shared_utils/dynamic_formatting/tests/test_positional_args.py::TestPositionalErrorConditions::test_missing_conditional_function_positional
FAILED shared_utils/dynamic_formatting/tests/test_positional_args.py::TestPositionalEdgeCases::test_empty_template_with_positional_args
FAILED shared_utils/dynamic_formatting/tests/test_positional_args.py::TestPositionalEdgeCases::test_literal_only_template_with_positional_args
FAILED shared_utils/dynamic_formatting/tests/test_positional_args.py::TestPositionalSyntaxPatterns::test_all_positional_syntax_variations
FAILED shared_utils/dynamic_formatting/tests/test_positional_args.py::TestPositionalSyntaxPatterns::test_complex_positional_combinations
FAILED shared_utils/dynamic_formatting/tests/test_positional_args.py::TestBackwardCompatibility::test_complex_keyword_formatting_unchanged
FAILED shared_utils/dynamic_formatting/tests/test_positional_args.py::TestBackwardCompatibility::test_keyword_conditionals_unchanged
FAILED shared_utils/dynamic_formatting/tests/test_positional_regression.py::test_backward_compatibility_conditionals
FAILED shared_utils/dynamic_formatting/tests/test_positional_regression.py::test_backward_compatibility_complex
FAILED shared_utils/dynamic_formatting/tests/test_positional_regression.py::test_positional_with_conditionals
FAILED shared_utils/dynamic_formatting/tests/test_positional_regression.py::test_error_conditions_required_fields
FAILED shared_utils/dynamic_formatting/tests/test_positional_regression.py::test_error_conditions_missing_functions
FAILED shared_utils/dynamic_formatting/tests/test_positional_regression.py::test_edge_cases_empty_arguments
================ 70 failed, 129 passed, 140 warnings in 2.46s =================
